{
  "stats": {
    "suites": 8,
    "tests": 28,
    "passes": 26,
    "pending": 0,
    "failures": 2,
    "start": "2023-02-13T17:57:44.096Z",
    "end": "2023-02-13T18:45:10.600Z",
    "duration": 52958,
    "testsRegistered": 28,
    "passPercent": 92.85714285714286,
    "pendingPercent": 0,
    "other": 0,
    "hasOther": false,
    "skipped": 0,
    "hasSkipped": false
  },
  "results": [
    {
      "uuid": "a7ddcb68-3517-44a4-899e-5e513b419a88",
      "title": "",
      "fullFile": "cypress/e2e/login_as_the_cutomer_to_performTransactions.cy.js",
      "file": "cypress/e2e/login_as_the_cutomer_to_performTransactions.cy.js",
      "beforeHooks": [],
      "afterHooks": [],
      "tests": [],
      "suites": [
        {
          "uuid": "1dd48b59-946e-4fb7-ab4b-c79663fddc71",
          "title": "login as customer to perform deposit /withdraw transactions",
          "fullFile": "",
          "file": "",
          "beforeHooks": [],
          "afterHooks": [],
          "tests": [
            {
              "title": "login as a customer",
              "fullTitle": "login as customer to perform deposit /withdraw transactions login as a customer",
              "timedOut": null,
              "duration": 2992,
              "state": "passed",
              "speed": "fast",
              "pass": true,
              "fail": false,
              "pending": false,
              "context": null,
              "code": "page.loginAsCustomer();",
              "err": {},
              "uuid": "58331054-de5f-4ff8-8472-38c0171bc393",
              "parentUUID": "1dd48b59-946e-4fb7-ab4b-c79663fddc71",
              "isHook": false,
              "skipped": false
            },
            {
              "title": "verifies the account number",
              "fullTitle": "login as customer to perform deposit /withdraw transactions verifies the account number",
              "timedOut": null,
              "duration": 288,
              "state": "passed",
              "speed": "fast",
              "pass": true,
              "fail": false,
              "pending": false,
              "context": null,
              "code": "page.verifyAccountNumber(\"1016 \");",
              "err": {},
              "uuid": "209f9751-736f-46d2-b982-4dbb618de7ce",
              "parentUUID": "1dd48b59-946e-4fb7-ab4b-c79663fddc71",
              "isHook": false,
              "skipped": false
            },
            {
              "title": "perform deposit transaction",
              "fullTitle": "login as customer to perform deposit /withdraw transactions perform deposit transaction",
              "timedOut": null,
              "duration": 737,
              "state": "passed",
              "speed": "fast",
              "pass": true,
              "fail": false,
              "pending": false,
              "context": null,
              "code": "var depositamount = 10000;\npage.performDepositTransaction(depositamount);",
              "err": {},
              "uuid": "880bb6d2-3d57-4383-9b34-86c97c58f2ea",
              "parentUUID": "1dd48b59-946e-4fb7-ab4b-c79663fddc71",
              "isHook": false,
              "skipped": false
            },
            {
              "title": "perform withdraw transaction",
              "fullTitle": "login as customer to perform deposit /withdraw transactions perform withdraw transaction",
              "timedOut": null,
              "duration": 418,
              "state": "passed",
              "speed": "fast",
              "pass": true,
              "fail": false,
              "pending": false,
              "context": null,
              "code": "var withdrawamount = 5000;\npage.performWithdrawTransaction(withdrawamount);",
              "err": {},
              "uuid": "9a189552-04df-4288-84fe-aee5d9e45b1e",
              "parentUUID": "1dd48b59-946e-4fb7-ab4b-c79663fddc71",
              "isHook": false,
              "skipped": false
            }
          ],
          "suites": [],
          "passes": [
            "58331054-de5f-4ff8-8472-38c0171bc393",
            "209f9751-736f-46d2-b982-4dbb618de7ce",
            "880bb6d2-3d57-4383-9b34-86c97c58f2ea",
            "9a189552-04df-4288-84fe-aee5d9e45b1e"
          ],
          "failures": [],
          "pending": [],
          "skipped": [],
          "duration": 4435,
          "root": false,
          "rootEmpty": false,
          "_timeout": 2000
        }
      ],
      "passes": [],
      "failures": [],
      "pending": [],
      "skipped": [],
      "duration": 0,
      "root": true,
      "rootEmpty": true,
      "_timeout": 2000
    },
    {
      "uuid": "9fd2c3d6-cdaf-4d11-915a-10fa88c97cf9",
      "title": "",
      "fullFile": "cypress/e2e/login_as_bankManager_to_delete_customer.cy.js",
      "file": "cypress/e2e/login_as_bankManager_to_delete_customer.cy.js",
      "beforeHooks": [],
      "afterHooks": [],
      "tests": [],
      "suites": [
        {
          "uuid": "597a9518-972a-44e8-9537-9df7556a3fa4",
          "title": "login as a bank manager to delete an existing customer ",
          "fullFile": "",
          "file": "",
          "beforeHooks": [],
          "afterHooks": [],
          "tests": [
            {
              "title": "login as a manager",
              "fullTitle": "login as a bank manager to delete an existing customer  login as a manager",
              "timedOut": null,
              "duration": 5285,
              "state": "passed",
              "speed": "medium",
              "pass": true,
              "fail": false,
              "pending": false,
              "context": null,
              "code": "page.loginAsManager();",
              "err": {},
              "uuid": "9f419022-4e7f-4714-991f-18ff444196c3",
              "parentUUID": "597a9518-972a-44e8-9537-9df7556a3fa4",
              "isHook": false,
              "skipped": false
            },
            {
              "title": "deletes a customer",
              "fullTitle": "login as a bank manager to delete an existing customer  deletes a customer",
              "timedOut": null,
              "duration": 5773,
              "state": "failed",
              "speed": null,
              "pass": false,
              "fail": true,
              "pending": false,
              "context": null,
              "code": "var customer = \"duncan\";\npage.deleteCustomer(customer);",
              "err": {
                "message": "AssertionError: Timed out retrying after 4000ms: Expected to find element: `/html/body/div/div/div[2]/div/div[2]/div/div/table/tbody/tr/td[5]/button`, but never found it.",
                "estack": "AssertionError: Timed out retrying after 4000ms: Expected to find element: `/html/body/div/div/div[2]/div/div[2]/div/div/table/tbody/tr/td[5]/button`, but never found it.\n    at landingPage.deleteCustomer (webpack:///./cypress/pages/landingPage.js:77:7)\n    at Context.eval (webpack:///./cypress/e2e/login_as_bankManager_to_delete_customer.cy.js:13:9)",
                "diff": null
              },
              "uuid": "b409ac43-d75e-44b2-98ac-2bae4fc7c69f",
              "parentUUID": "597a9518-972a-44e8-9537-9df7556a3fa4",
              "isHook": false,
              "skipped": false
            }
          ],
          "suites": [],
          "passes": [
            "9f419022-4e7f-4714-991f-18ff444196c3"
          ],
          "failures": [
            "b409ac43-d75e-44b2-98ac-2bae4fc7c69f"
          ],
          "pending": [],
          "skipped": [],
          "duration": 11058,
          "root": false,
          "rootEmpty": false,
          "_timeout": 2000
        }
      ],
      "passes": [],
      "failures": [],
      "pending": [],
      "skipped": [],
      "duration": 0,
      "root": true,
      "rootEmpty": true,
      "_timeout": 2000
    },
    {
      "uuid": "8e0207b1-d6a7-4e71-9752-6b7fe3ec1d8b",
      "title": "",
      "fullFile": "cypress/e2e/login_as_bankmanager_to_addCustomer.cy.js",
      "file": "cypress/e2e/login_as_bankmanager_to_addCustomer.cy.js",
      "beforeHooks": [],
      "afterHooks": [],
      "tests": [],
      "suites": [
        {
          "uuid": "ecc5b75d-cee1-4569-ba18-3eddbb1d1bb5",
          "title": "Login as a bank manager to add customer and add a bank accoubnt to the customer",
          "fullFile": "",
          "file": "",
          "beforeHooks": [],
          "afterHooks": [],
          "tests": [
            {
              "title": "login as a manager",
              "fullTitle": "Login as a bank manager to add customer and add a bank accoubnt to the customer login as a manager",
              "timedOut": null,
              "duration": 3877,
              "state": "passed",
              "speed": "fast",
              "pass": true,
              "fail": false,
              "pending": false,
              "context": null,
              "code": "page.loginAsManager();",
              "err": {},
              "uuid": "c861805b-1c83-4c91-a880-aa147f25e5f4",
              "parentUUID": "ecc5b75d-cee1-4569-ba18-3eddbb1d1bb5",
              "isHook": false,
              "skipped": false
            },
            {
              "title": "open customer form",
              "fullTitle": "Login as a bank manager to add customer and add a bank accoubnt to the customer open customer form",
              "timedOut": null,
              "duration": 119,
              "state": "passed",
              "speed": "fast",
              "pass": true,
              "fail": false,
              "pending": false,
              "context": null,
              "code": "page.openCustomerForm();",
              "err": {},
              "uuid": "d4da4154-84da-4764-83ef-3cbcf5b99c13",
              "parentUUID": "ecc5b75d-cee1-4569-ba18-3eddbb1d1bb5",
              "isHook": false,
              "skipped": false
            },
            {
              "title": "add new customer details ",
              "fullTitle": "Login as a bank manager to add customer and add a bank accoubnt to the customer add new customer details ",
              "timedOut": null,
              "duration": 1225,
              "state": "passed",
              "speed": "fast",
              "pass": true,
              "fail": false,
              "pending": false,
              "context": null,
              "code": "page.addCustomerDetails();",
              "err": {},
              "uuid": "9f65e8a2-5127-4591-9b50-c3a9b6cd5084",
              "parentUUID": "ecc5b75d-cee1-4569-ba18-3eddbb1d1bb5",
              "isHook": false,
              "skipped": false
            },
            {
              "title": "open a new bank account for the customer ",
              "fullTitle": "Login as a bank manager to add customer and add a bank accoubnt to the customer open a new bank account for the customer ",
              "timedOut": null,
              "duration": 869,
              "state": "passed",
              "speed": "fast",
              "pass": true,
              "fail": false,
              "pending": false,
              "context": null,
              "code": "page.openNewBankAccount();",
              "err": {},
              "uuid": "28aa2fdd-39a6-45d5-afd5-5d8cd8289820",
              "parentUUID": "ecc5b75d-cee1-4569-ba18-3eddbb1d1bb5",
              "isHook": false,
              "skipped": false
            }
          ],
          "suites": [],
          "passes": [
            "c861805b-1c83-4c91-a880-aa147f25e5f4",
            "d4da4154-84da-4764-83ef-3cbcf5b99c13",
            "9f65e8a2-5127-4591-9b50-c3a9b6cd5084",
            "28aa2fdd-39a6-45d5-afd5-5d8cd8289820"
          ],
          "failures": [],
          "pending": [],
          "skipped": [],
          "duration": 6090,
          "root": false,
          "rootEmpty": false,
          "_timeout": 2000
        }
      ],
      "passes": [],
      "failures": [],
      "pending": [],
      "skipped": [],
      "duration": 0,
      "root": true,
      "rootEmpty": true,
      "_timeout": 2000
    },
    {
      "uuid": "1fd22299-52c1-4563-91c0-f98a998809a1",
      "title": "",
      "fullFile": "cypress/e2e/login_as_the_cutomer_to_performTransactions.cy.js",
      "file": "cypress/e2e/login_as_the_cutomer_to_performTransactions.cy.js",
      "beforeHooks": [],
      "afterHooks": [],
      "tests": [],
      "suites": [
        {
          "uuid": "86137710-c391-4884-8cbd-c61a196bfd95",
          "title": "login as customer to perform deposit /withdraw transactions",
          "fullFile": "",
          "file": "",
          "beforeHooks": [],
          "afterHooks": [],
          "tests": [
            {
              "title": "login as a customer",
              "fullTitle": "login as customer to perform deposit /withdraw transactions login as a customer",
              "timedOut": null,
              "duration": 3539,
              "state": "passed",
              "speed": "fast",
              "pass": true,
              "fail": false,
              "pending": false,
              "context": null,
              "code": "page.loginAsCustomer();",
              "err": {},
              "uuid": "7e1fe736-4baf-4be2-b8d0-aafe9fa80024",
              "parentUUID": "86137710-c391-4884-8cbd-c61a196bfd95",
              "isHook": false,
              "skipped": false
            },
            {
              "title": "verifies the account number",
              "fullTitle": "login as customer to perform deposit /withdraw transactions verifies the account number",
              "timedOut": null,
              "duration": 296,
              "state": "passed",
              "speed": "fast",
              "pass": true,
              "fail": false,
              "pending": false,
              "context": null,
              "code": "page.verifyAccountNumber(\"1016 \");",
              "err": {},
              "uuid": "aa37b1fe-0af1-414c-9952-cff2ab7cc05b",
              "parentUUID": "86137710-c391-4884-8cbd-c61a196bfd95",
              "isHook": false,
              "skipped": false
            },
            {
              "title": "perform deposit transaction",
              "fullTitle": "login as customer to perform deposit /withdraw transactions perform deposit transaction",
              "timedOut": null,
              "duration": 780,
              "state": "passed",
              "speed": "fast",
              "pass": true,
              "fail": false,
              "pending": false,
              "context": null,
              "code": "var depositamount = 10000;\npage.performDepositTransaction(depositamount);",
              "err": {},
              "uuid": "7483c580-8f58-49b4-a9b1-4116a156fd1b",
              "parentUUID": "86137710-c391-4884-8cbd-c61a196bfd95",
              "isHook": false,
              "skipped": false
            },
            {
              "title": "perform withdraw transaction",
              "fullTitle": "login as customer to perform deposit /withdraw transactions perform withdraw transaction",
              "timedOut": null,
              "duration": 403,
              "state": "passed",
              "speed": "fast",
              "pass": true,
              "fail": false,
              "pending": false,
              "context": null,
              "code": "var withdrawamount = 5000;\npage.performWithdrawTransaction(withdrawamount);",
              "err": {},
              "uuid": "4a390147-8188-42f6-9680-bc9dcf0c75ea",
              "parentUUID": "86137710-c391-4884-8cbd-c61a196bfd95",
              "isHook": false,
              "skipped": false
            }
          ],
          "suites": [],
          "passes": [
            "7e1fe736-4baf-4be2-b8d0-aafe9fa80024",
            "aa37b1fe-0af1-414c-9952-cff2ab7cc05b",
            "7483c580-8f58-49b4-a9b1-4116a156fd1b",
            "4a390147-8188-42f6-9680-bc9dcf0c75ea"
          ],
          "failures": [],
          "pending": [],
          "skipped": [],
          "duration": 5018,
          "root": false,
          "rootEmpty": false,
          "_timeout": 2000
        }
      ],
      "passes": [],
      "failures": [],
      "pending": [],
      "skipped": [],
      "duration": 0,
      "root": true,
      "rootEmpty": true,
      "_timeout": 2000
    },
    {
      "uuid": "ff7d6c7f-aed5-4647-864d-8e4f5e020a85",
      "title": "",
      "fullFile": "cypress/e2e/login_as_bankManager_to_delete_customer.cy.js",
      "file": "cypress/e2e/login_as_bankManager_to_delete_customer.cy.js",
      "beforeHooks": [],
      "afterHooks": [],
      "tests": [],
      "suites": [
        {
          "uuid": "f1c773b4-342f-4060-8004-fd0eb71a0b99",
          "title": "login as a bank manager to delete an existing customer ",
          "fullFile": "",
          "file": "",
          "beforeHooks": [],
          "afterHooks": [],
          "tests": [
            {
              "title": "login as a manager",
              "fullTitle": "login as a bank manager to delete an existing customer  login as a manager",
              "timedOut": null,
              "duration": 3994,
              "state": "passed",
              "speed": "fast",
              "pass": true,
              "fail": false,
              "pending": false,
              "context": null,
              "code": "page.loginAsManager();",
              "err": {},
              "uuid": "66d02db0-23a0-408f-b7eb-0100e5e95b1a",
              "parentUUID": "f1c773b4-342f-4060-8004-fd0eb71a0b99",
              "isHook": false,
              "skipped": false
            },
            {
              "title": "deletes a customer",
              "fullTitle": "login as a bank manager to delete an existing customer  deletes a customer",
              "timedOut": null,
              "duration": 5065,
              "state": "failed",
              "speed": null,
              "pass": false,
              "fail": true,
              "pending": false,
              "context": null,
              "code": "var customer = \"duncan\";\npage.deleteCustomer(customer);",
              "err": {
                "message": "AssertionError: Timed out retrying after 4000ms: Expected to find element: `/html/body/div/div/div[2]/div/div[2]/div/div/table/tbody/tr/td[5]/button`, but never found it.",
                "estack": "AssertionError: Timed out retrying after 4000ms: Expected to find element: `/html/body/div/div/div[2]/div/div[2]/div/div/table/tbody/tr/td[5]/button`, but never found it.\n    at landingPage.deleteCustomer (webpack:///./cypress/pages/landingPage.js:77:7)\n    at Context.eval (webpack:///./cypress/e2e/login_as_bankManager_to_delete_customer.cy.js:13:9)",
                "diff": null
              },
              "uuid": "56df8dd7-6843-4482-962d-8335c461fa69",
              "parentUUID": "f1c773b4-342f-4060-8004-fd0eb71a0b99",
              "isHook": false,
              "skipped": false
            }
          ],
          "suites": [],
          "passes": [
            "66d02db0-23a0-408f-b7eb-0100e5e95b1a"
          ],
          "failures": [
            "56df8dd7-6843-4482-962d-8335c461fa69"
          ],
          "pending": [],
          "skipped": [],
          "duration": 9059,
          "root": false,
          "rootEmpty": false,
          "_timeout": 2000
        }
      ],
      "passes": [],
      "failures": [],
      "pending": [],
      "skipped": [],
      "duration": 0,
      "root": true,
      "rootEmpty": true,
      "_timeout": 2000
    },
    {
      "uuid": "dc17e301-91ee-460e-b39e-cc57baf279b4",
      "title": "",
      "fullFile": "cypress/e2e/login_as_bankmanager_to_addCustomer.cy.js",
      "file": "cypress/e2e/login_as_bankmanager_to_addCustomer.cy.js",
      "beforeHooks": [],
      "afterHooks": [],
      "tests": [],
      "suites": [
        {
          "uuid": "e8eaa59f-e31f-48e0-9fc8-857b8bcea3be",
          "title": "Login as a bank manager to add customer and add a bank accoubnt to the customer",
          "fullFile": "",
          "file": "",
          "beforeHooks": [],
          "afterHooks": [],
          "tests": [
            {
              "title": "login as a manager",
              "fullTitle": "Login as a bank manager to add customer and add a bank accoubnt to the customer login as a manager",
              "timedOut": null,
              "duration": 3724,
              "state": "passed",
              "speed": "fast",
              "pass": true,
              "fail": false,
              "pending": false,
              "context": null,
              "code": "page.loginAsManager();",
              "err": {},
              "uuid": "71269b5f-ca9f-40a2-940f-c1448799eb11",
              "parentUUID": "e8eaa59f-e31f-48e0-9fc8-857b8bcea3be",
              "isHook": false,
              "skipped": false
            },
            {
              "title": "open customer form",
              "fullTitle": "Login as a bank manager to add customer and add a bank accoubnt to the customer open customer form",
              "timedOut": null,
              "duration": 116,
              "state": "passed",
              "speed": "fast",
              "pass": true,
              "fail": false,
              "pending": false,
              "context": null,
              "code": "page.openCustomerForm();",
              "err": {},
              "uuid": "9c1fdb47-cc55-4018-a85a-ad64983bc825",
              "parentUUID": "e8eaa59f-e31f-48e0-9fc8-857b8bcea3be",
              "isHook": false,
              "skipped": false
            },
            {
              "title": "add new customer details ",
              "fullTitle": "Login as a bank manager to add customer and add a bank accoubnt to the customer add new customer details ",
              "timedOut": null,
              "duration": 1076,
              "state": "passed",
              "speed": "fast",
              "pass": true,
              "fail": false,
              "pending": false,
              "context": null,
              "code": "page.addCustomerDetails();",
              "err": {},
              "uuid": "c19cad8c-955f-4c18-b17d-4a4e16e2d2f9",
              "parentUUID": "e8eaa59f-e31f-48e0-9fc8-857b8bcea3be",
              "isHook": false,
              "skipped": false
            },
            {
              "title": "open a new bank account for the customer ",
              "fullTitle": "Login as a bank manager to add customer and add a bank accoubnt to the customer open a new bank account for the customer ",
              "timedOut": null,
              "duration": 831,
              "state": "passed",
              "speed": "fast",
              "pass": true,
              "fail": false,
              "pending": false,
              "context": null,
              "code": "page.openNewBankAccount();",
              "err": {},
              "uuid": "92d4d5e3-dd68-402c-abc0-92e9ecc77523",
              "parentUUID": "e8eaa59f-e31f-48e0-9fc8-857b8bcea3be",
              "isHook": false,
              "skipped": false
            }
          ],
          "suites": [],
          "passes": [
            "71269b5f-ca9f-40a2-940f-c1448799eb11",
            "9c1fdb47-cc55-4018-a85a-ad64983bc825",
            "c19cad8c-955f-4c18-b17d-4a4e16e2d2f9",
            "92d4d5e3-dd68-402c-abc0-92e9ecc77523"
          ],
          "failures": [],
          "pending": [],
          "skipped": [],
          "duration": 5747,
          "root": false,
          "rootEmpty": false,
          "_timeout": 2000
        }
      ],
      "passes": [],
      "failures": [],
      "pending": [],
      "skipped": [],
      "duration": 0,
      "root": true,
      "rootEmpty": true,
      "_timeout": 2000
    },
    {
      "uuid": "a795e2b8-4393-4d07-ade2-115e0555ab1e",
      "title": "",
      "fullFile": "cypress/e2e/login_as_the_cutomer_to_performTransactions.cy.js",
      "file": "cypress/e2e/login_as_the_cutomer_to_performTransactions.cy.js",
      "beforeHooks": [],
      "afterHooks": [],
      "tests": [],
      "suites": [
        {
          "uuid": "c56a9b07-1343-4b26-bdb6-60fa634d6ec7",
          "title": "login as customer to perform deposit /withdraw transactions",
          "fullFile": "",
          "file": "",
          "beforeHooks": [],
          "afterHooks": [],
          "tests": [
            {
              "title": "login as a customer",
              "fullTitle": "login as customer to perform deposit /withdraw transactions login as a customer",
              "timedOut": null,
              "duration": 3151,
              "state": "passed",
              "speed": "fast",
              "pass": true,
              "fail": false,
              "pending": false,
              "context": null,
              "code": "page.loginAsCustomer();",
              "err": {},
              "uuid": "b7f09647-a576-4336-b1ad-eb61c0e75c4d",
              "parentUUID": "c56a9b07-1343-4b26-bdb6-60fa634d6ec7",
              "isHook": false,
              "skipped": false
            },
            {
              "title": "verifies the account number",
              "fullTitle": "login as customer to perform deposit /withdraw transactions verifies the account number",
              "timedOut": null,
              "duration": 390,
              "state": "passed",
              "speed": "fast",
              "pass": true,
              "fail": false,
              "pending": false,
              "context": null,
              "code": "page.verifyAccountNumber(\"1016 \");",
              "err": {},
              "uuid": "ec57a777-a275-42fe-aede-5f39bcf14f1c",
              "parentUUID": "c56a9b07-1343-4b26-bdb6-60fa634d6ec7",
              "isHook": false,
              "skipped": false
            },
            {
              "title": "perform deposit transaction",
              "fullTitle": "login as customer to perform deposit /withdraw transactions perform deposit transaction",
              "timedOut": null,
              "duration": 750,
              "state": "passed",
              "speed": "fast",
              "pass": true,
              "fail": false,
              "pending": false,
              "context": null,
              "code": "var depositamount = 10000;\npage.performDepositTransaction(depositamount);",
              "err": {},
              "uuid": "d6ad2535-8e8a-43a9-bbe3-f65cf2baa360",
              "parentUUID": "c56a9b07-1343-4b26-bdb6-60fa634d6ec7",
              "isHook": false,
              "skipped": false
            },
            {
              "title": "perform withdraw transaction",
              "fullTitle": "login as customer to perform deposit /withdraw transactions perform withdraw transaction",
              "timedOut": null,
              "duration": 397,
              "state": "passed",
              "speed": "fast",
              "pass": true,
              "fail": false,
              "pending": false,
              "context": null,
              "code": "var withdrawamount = 5000;\npage.performWithdrawTransaction(withdrawamount);",
              "err": {},
              "uuid": "dfe36530-04e8-4998-b6b0-40bea393937f",
              "parentUUID": "c56a9b07-1343-4b26-bdb6-60fa634d6ec7",
              "isHook": false,
              "skipped": false
            }
          ],
          "suites": [],
          "passes": [
            "b7f09647-a576-4336-b1ad-eb61c0e75c4d",
            "ec57a777-a275-42fe-aede-5f39bcf14f1c",
            "d6ad2535-8e8a-43a9-bbe3-f65cf2baa360",
            "dfe36530-04e8-4998-b6b0-40bea393937f"
          ],
          "failures": [],
          "pending": [],
          "skipped": [],
          "duration": 4688,
          "root": false,
          "rootEmpty": false,
          "_timeout": 2000
        }
      ],
      "passes": [],
      "failures": [],
      "pending": [],
      "skipped": [],
      "duration": 0,
      "root": true,
      "rootEmpty": true,
      "_timeout": 2000
    },
    {
      "uuid": "4efd0f91-4ee9-4443-800b-d7ba0ed44c1d",
      "title": "",
      "fullFile": "cypress/e2e/login_as_bankmanager_to_addCustomer.cy.js",
      "file": "cypress/e2e/login_as_bankmanager_to_addCustomer.cy.js",
      "beforeHooks": [],
      "afterHooks": [],
      "tests": [],
      "suites": [
        {
          "uuid": "346063c2-ef17-48c6-963a-76d7702b4f7f",
          "title": "template spec",
          "fullFile": "",
          "file": "",
          "beforeHooks": [],
          "afterHooks": [],
          "tests": [
            {
              "title": "login as a manager",
              "fullTitle": "template spec login as a manager",
              "timedOut": null,
              "duration": 4741,
              "state": "passed",
              "speed": "fast",
              "pass": true,
              "fail": false,
              "pending": false,
              "context": null,
              "code": "page.loginAsManager();",
              "err": {},
              "uuid": "9df06754-16d2-415b-8a5b-550278584686",
              "parentUUID": "346063c2-ef17-48c6-963a-76d7702b4f7f",
              "isHook": false,
              "skipped": false
            },
            {
              "title": "open customer form",
              "fullTitle": "template spec open customer form",
              "timedOut": null,
              "duration": 111,
              "state": "passed",
              "speed": "fast",
              "pass": true,
              "fail": false,
              "pending": false,
              "context": null,
              "code": "page.openCustomerForm();",
              "err": {},
              "uuid": "71d8d435-ae25-4087-81c8-a658f133246d",
              "parentUUID": "346063c2-ef17-48c6-963a-76d7702b4f7f",
              "isHook": false,
              "skipped": false
            },
            {
              "title": "add new customer details ",
              "fullTitle": "template spec add new customer details ",
              "timedOut": null,
              "duration": 1193,
              "state": "passed",
              "speed": "fast",
              "pass": true,
              "fail": false,
              "pending": false,
              "context": null,
              "code": "page.addCustomerDetails();",
              "err": {},
              "uuid": "09aa303a-978a-405f-9efb-c2969497da6b",
              "parentUUID": "346063c2-ef17-48c6-963a-76d7702b4f7f",
              "isHook": false,
              "skipped": false
            },
            {
              "title": "open a new bank account for the customer ",
              "fullTitle": "template spec open a new bank account for the customer ",
              "timedOut": null,
              "duration": 818,
              "state": "passed",
              "speed": "fast",
              "pass": true,
              "fail": false,
              "pending": false,
              "context": null,
              "code": "page.openNewBankAccount();",
              "err": {},
              "uuid": "6eb9910c-073d-4bc2-afb8-edc82aca7e4f",
              "parentUUID": "346063c2-ef17-48c6-963a-76d7702b4f7f",
              "isHook": false,
              "skipped": false
            }
          ],
          "suites": [],
          "passes": [
            "9df06754-16d2-415b-8a5b-550278584686",
            "71d8d435-ae25-4087-81c8-a658f133246d",
            "09aa303a-978a-405f-9efb-c2969497da6b",
            "6eb9910c-073d-4bc2-afb8-edc82aca7e4f"
          ],
          "failures": [],
          "pending": [],
          "skipped": [],
          "duration": 6863,
          "root": false,
          "rootEmpty": false,
          "_timeout": 2000
        }
      ],
      "passes": [],
      "failures": [],
      "pending": [],
      "skipped": [],
      "duration": 0,
      "root": true,
      "rootEmpty": true,
      "_timeout": 2000
    }
  ],
  "meta": {
    "mocha": {
      "version": "7.0.1"
    },
    "mochawesome": {
      "options": {
        "quiet": false,
        "reportFilename": "mochawesome",
        "saveHtml": false,
        "saveJson": true,
        "consoleReporter": "spec",
        "useInlineDiffs": false,
        "code": true
      },
      "version": "7.1.3"
    },
    "marge": {
      "options": {
        "charts": true,
        "overwrite": false,
        "html": false,
        "json": true,
        "reportDir": "cypress/report/mochawesome-report"
      },
      "version": "6.2.0"
    }
  }
}