{
  "stats": {
    "suites": 1,
    "tests": 4,
    "passes": 4,
    "pending": 0,
    "failures": 0,
    "start": "2023-02-13T18:44:49.353Z",
    "end": "2023-02-13T18:44:57.416Z",
    "duration": 8063,
    "testsRegistered": 4,
    "passPercent": 100,
    "pendingPercent": 0,
    "other": 0,
    "hasOther": false,
    "skipped": 0,
    "hasSkipped": false
  },
  "results": [
    {
      "uuid": "dc17e301-91ee-460e-b39e-cc57baf279b4",
      "title": "",
      "fullFile": "cypress/e2e/login_as_bankmanager_to_addCustomer.cy.js",
      "file": "cypress/e2e/login_as_bankmanager_to_addCustomer.cy.js",
      "beforeHooks": [],
      "afterHooks": [],
      "tests": [],
      "suites": [
        {
          "uuid": "e8eaa59f-e31f-48e0-9fc8-857b8bcea3be",
          "title": "Login as a bank manager to add customer and add a bank accoubnt to the customer",
          "fullFile": "",
          "file": "",
          "beforeHooks": [],
          "afterHooks": [],
          "tests": [
            {
              "title": "login as a manager",
              "fullTitle": "Login as a bank manager to add customer and add a bank accoubnt to the customer login as a manager",
              "timedOut": null,
              "duration": 3724,
              "state": "passed",
              "speed": "fast",
              "pass": true,
              "fail": false,
              "pending": false,
              "context": null,
              "code": "page.loginAsManager();",
              "err": {},
              "uuid": "71269b5f-ca9f-40a2-940f-c1448799eb11",
              "parentUUID": "e8eaa59f-e31f-48e0-9fc8-857b8bcea3be",
              "isHook": false,
              "skipped": false
            },
            {
              "title": "open customer form",
              "fullTitle": "Login as a bank manager to add customer and add a bank accoubnt to the customer open customer form",
              "timedOut": null,
              "duration": 116,
              "state": "passed",
              "speed": "fast",
              "pass": true,
              "fail": false,
              "pending": false,
              "context": null,
              "code": "page.openCustomerForm();",
              "err": {},
              "uuid": "9c1fdb47-cc55-4018-a85a-ad64983bc825",
              "parentUUID": "e8eaa59f-e31f-48e0-9fc8-857b8bcea3be",
              "isHook": false,
              "skipped": false
            },
            {
              "title": "add new customer details ",
              "fullTitle": "Login as a bank manager to add customer and add a bank accoubnt to the customer add new customer details ",
              "timedOut": null,
              "duration": 1076,
              "state": "passed",
              "speed": "fast",
              "pass": true,
              "fail": false,
              "pending": false,
              "context": null,
              "code": "page.addCustomerDetails();",
              "err": {},
              "uuid": "c19cad8c-955f-4c18-b17d-4a4e16e2d2f9",
              "parentUUID": "e8eaa59f-e31f-48e0-9fc8-857b8bcea3be",
              "isHook": false,
              "skipped": false
            },
            {
              "title": "open a new bank account for the customer ",
              "fullTitle": "Login as a bank manager to add customer and add a bank accoubnt to the customer open a new bank account for the customer ",
              "timedOut": null,
              "duration": 831,
              "state": "passed",
              "speed": "fast",
              "pass": true,
              "fail": false,
              "pending": false,
              "context": null,
              "code": "page.openNewBankAccount();",
              "err": {},
              "uuid": "92d4d5e3-dd68-402c-abc0-92e9ecc77523",
              "parentUUID": "e8eaa59f-e31f-48e0-9fc8-857b8bcea3be",
              "isHook": false,
              "skipped": false
            }
          ],
          "suites": [],
          "passes": [
            "71269b5f-ca9f-40a2-940f-c1448799eb11",
            "9c1fdb47-cc55-4018-a85a-ad64983bc825",
            "c19cad8c-955f-4c18-b17d-4a4e16e2d2f9",
            "92d4d5e3-dd68-402c-abc0-92e9ecc77523"
          ],
          "failures": [],
          "pending": [],
          "skipped": [],
          "duration": 5747,
          "root": false,
          "rootEmpty": false,
          "_timeout": 2000
        }
      ],
      "passes": [],
      "failures": [],
      "pending": [],
      "skipped": [],
      "duration": 0,
      "root": true,
      "rootEmpty": true,
      "_timeout": 2000
    }
  ],
  "meta": {
    "mocha": {
      "version": "7.0.1"
    },
    "mochawesome": {
      "options": {
        "quiet": false,
        "reportFilename": "mochawesome",
        "saveHtml": false,
        "saveJson": true,
        "consoleReporter": "spec",
        "useInlineDiffs": false,
        "code": true
      },
      "version": "7.1.3"
    },
    "marge": {
      "options": {
        "charts": true,
        "overwrite": false,
        "html": false,
        "json": true,
        "reportDir": "cypress/report/mochawesome-report"
      },
      "version": "6.2.0"
    }
  }
}