{
  "stats": {
    "suites": 1,
    "tests": 4,
    "passes": 4,
    "pending": 0,
    "failures": 0,
    "start": "2023-02-13T18:43:43.933Z",
    "end": "2023-02-13T18:43:52.523Z",
    "duration": 8590,
    "testsRegistered": 4,
    "passPercent": 100,
    "pendingPercent": 0,
    "other": 0,
    "hasOther": false,
    "skipped": 0,
    "hasSkipped": false
  },
  "results": [
    {
      "uuid": "8e0207b1-d6a7-4e71-9752-6b7fe3ec1d8b",
      "title": "",
      "fullFile": "cypress/e2e/login_as_bankmanager_to_addCustomer.cy.js",
      "file": "cypress/e2e/login_as_bankmanager_to_addCustomer.cy.js",
      "beforeHooks": [],
      "afterHooks": [],
      "tests": [],
      "suites": [
        {
          "uuid": "ecc5b75d-cee1-4569-ba18-3eddbb1d1bb5",
          "title": "Login as a bank manager to add customer and add a bank accoubnt to the customer",
          "fullFile": "",
          "file": "",
          "beforeHooks": [],
          "afterHooks": [],
          "tests": [
            {
              "title": "login as a manager",
              "fullTitle": "Login as a bank manager to add customer and add a bank accoubnt to the customer login as a manager",
              "timedOut": null,
              "duration": 3877,
              "state": "passed",
              "speed": "fast",
              "pass": true,
              "fail": false,
              "pending": false,
              "context": null,
              "code": "page.loginAsManager();",
              "err": {},
              "uuid": "c861805b-1c83-4c91-a880-aa147f25e5f4",
              "parentUUID": "ecc5b75d-cee1-4569-ba18-3eddbb1d1bb5",
              "isHook": false,
              "skipped": false
            },
            {
              "title": "open customer form",
              "fullTitle": "Login as a bank manager to add customer and add a bank accoubnt to the customer open customer form",
              "timedOut": null,
              "duration": 119,
              "state": "passed",
              "speed": "fast",
              "pass": true,
              "fail": false,
              "pending": false,
              "context": null,
              "code": "page.openCustomerForm();",
              "err": {},
              "uuid": "d4da4154-84da-4764-83ef-3cbcf5b99c13",
              "parentUUID": "ecc5b75d-cee1-4569-ba18-3eddbb1d1bb5",
              "isHook": false,
              "skipped": false
            },
            {
              "title": "add new customer details ",
              "fullTitle": "Login as a bank manager to add customer and add a bank accoubnt to the customer add new customer details ",
              "timedOut": null,
              "duration": 1225,
              "state": "passed",
              "speed": "fast",
              "pass": true,
              "fail": false,
              "pending": false,
              "context": null,
              "code": "page.addCustomerDetails();",
              "err": {},
              "uuid": "9f65e8a2-5127-4591-9b50-c3a9b6cd5084",
              "parentUUID": "ecc5b75d-cee1-4569-ba18-3eddbb1d1bb5",
              "isHook": false,
              "skipped": false
            },
            {
              "title": "open a new bank account for the customer ",
              "fullTitle": "Login as a bank manager to add customer and add a bank accoubnt to the customer open a new bank account for the customer ",
              "timedOut": null,
              "duration": 869,
              "state": "passed",
              "speed": "fast",
              "pass": true,
              "fail": false,
              "pending": false,
              "context": null,
              "code": "page.openNewBankAccount();",
              "err": {},
              "uuid": "28aa2fdd-39a6-45d5-afd5-5d8cd8289820",
              "parentUUID": "ecc5b75d-cee1-4569-ba18-3eddbb1d1bb5",
              "isHook": false,
              "skipped": false
            }
          ],
          "suites": [],
          "passes": [
            "c861805b-1c83-4c91-a880-aa147f25e5f4",
            "d4da4154-84da-4764-83ef-3cbcf5b99c13",
            "9f65e8a2-5127-4591-9b50-c3a9b6cd5084",
            "28aa2fdd-39a6-45d5-afd5-5d8cd8289820"
          ],
          "failures": [],
          "pending": [],
          "skipped": [],
          "duration": 6090,
          "root": false,
          "rootEmpty": false,
          "_timeout": 2000
        }
      ],
      "passes": [],
      "failures": [],
      "pending": [],
      "skipped": [],
      "duration": 0,
      "root": true,
      "rootEmpty": true,
      "_timeout": 2000
    }
  ],
  "meta": {
    "mocha": {
      "version": "7.0.1"
    },
    "mochawesome": {
      "options": {
        "quiet": false,
        "reportFilename": "mochawesome",
        "saveHtml": false,
        "saveJson": true,
        "consoleReporter": "spec",
        "useInlineDiffs": false,
        "code": true
      },
      "version": "7.1.3"
    },
    "marge": {
      "options": {
        "charts": true,
        "overwrite": false,
        "html": false,
        "json": true,
        "reportDir": "cypress/report/mochawesome-report"
      },
      "version": "6.2.0"
    }
  }
}