{
  "stats": {
    "suites": 1,
    "tests": 4,
    "passes": 4,
    "pending": 0,
    "failures": 0,
    "start": "2023-02-13T17:58:00.554Z",
    "end": "2023-02-13T17:58:07.385Z",
    "duration": 6831,
    "testsRegistered": 4,
    "passPercent": 100,
    "pendingPercent": 0,
    "other": 0,
    "hasOther": false,
    "skipped": 0,
    "hasSkipped": false
  },
  "results": [
    {
      "uuid": "a7ddcb68-3517-44a4-899e-5e513b419a88",
      "title": "",
      "fullFile": "cypress/e2e/login_as_the_cutomer_to_performTransactions.cy.js",
      "file": "cypress/e2e/login_as_the_cutomer_to_performTransactions.cy.js",
      "beforeHooks": [],
      "afterHooks": [],
      "tests": [],
      "suites": [
        {
          "uuid": "1dd48b59-946e-4fb7-ab4b-c79663fddc71",
          "title": "login as customer to perform deposit /withdraw transactions",
          "fullFile": "",
          "file": "",
          "beforeHooks": [],
          "afterHooks": [],
          "tests": [
            {
              "title": "login as a customer",
              "fullTitle": "login as customer to perform deposit /withdraw transactions login as a customer",
              "timedOut": null,
              "duration": 2992,
              "state": "passed",
              "speed": "fast",
              "pass": true,
              "fail": false,
              "pending": false,
              "context": null,
              "code": "page.loginAsCustomer();",
              "err": {},
              "uuid": "58331054-de5f-4ff8-8472-38c0171bc393",
              "parentUUID": "1dd48b59-946e-4fb7-ab4b-c79663fddc71",
              "isHook": false,
              "skipped": false
            },
            {
              "title": "verifies the account number",
              "fullTitle": "login as customer to perform deposit /withdraw transactions verifies the account number",
              "timedOut": null,
              "duration": 288,
              "state": "passed",
              "speed": "fast",
              "pass": true,
              "fail": false,
              "pending": false,
              "context": null,
              "code": "page.verifyAccountNumber(\"1016 \");",
              "err": {},
              "uuid": "209f9751-736f-46d2-b982-4dbb618de7ce",
              "parentUUID": "1dd48b59-946e-4fb7-ab4b-c79663fddc71",
              "isHook": false,
              "skipped": false
            },
            {
              "title": "perform deposit transaction",
              "fullTitle": "login as customer to perform deposit /withdraw transactions perform deposit transaction",
              "timedOut": null,
              "duration": 737,
              "state": "passed",
              "speed": "fast",
              "pass": true,
              "fail": false,
              "pending": false,
              "context": null,
              "code": "var depositamount = 10000;\npage.performDepositTransaction(depositamount);",
              "err": {},
              "uuid": "880bb6d2-3d57-4383-9b34-86c97c58f2ea",
              "parentUUID": "1dd48b59-946e-4fb7-ab4b-c79663fddc71",
              "isHook": false,
              "skipped": false
            },
            {
              "title": "perform withdraw transaction",
              "fullTitle": "login as customer to perform deposit /withdraw transactions perform withdraw transaction",
              "timedOut": null,
              "duration": 418,
              "state": "passed",
              "speed": "fast",
              "pass": true,
              "fail": false,
              "pending": false,
              "context": null,
              "code": "var withdrawamount = 5000;\npage.performWithdrawTransaction(withdrawamount);",
              "err": {},
              "uuid": "9a189552-04df-4288-84fe-aee5d9e45b1e",
              "parentUUID": "1dd48b59-946e-4fb7-ab4b-c79663fddc71",
              "isHook": false,
              "skipped": false
            }
          ],
          "suites": [],
          "passes": [
            "58331054-de5f-4ff8-8472-38c0171bc393",
            "209f9751-736f-46d2-b982-4dbb618de7ce",
            "880bb6d2-3d57-4383-9b34-86c97c58f2ea",
            "9a189552-04df-4288-84fe-aee5d9e45b1e"
          ],
          "failures": [],
          "pending": [],
          "skipped": [],
          "duration": 4435,
          "root": false,
          "rootEmpty": false,
          "_timeout": 2000
        }
      ],
      "passes": [],
      "failures": [],
      "pending": [],
      "skipped": [],
      "duration": 0,
      "root": true,
      "rootEmpty": true,
      "_timeout": 2000
    }
  ],
  "meta": {
    "mocha": {
      "version": "7.0.1"
    },
    "mochawesome": {
      "options": {
        "quiet": false,
        "reportFilename": "mochawesome",
        "saveHtml": false,
        "saveJson": true,
        "consoleReporter": "spec",
        "useInlineDiffs": false,
        "code": true
      },
      "version": "7.1.3"
    },
    "marge": {
      "options": {
        "charts": true,
        "overwrite": false,
        "html": false,
        "json": true,
        "reportDir": "cypress/report/mochawesome-report"
      },
      "version": "6.2.0"
    }
  }
}