{
  "stats": {
    "suites": 1,
    "tests": 4,
    "passes": 4,
    "pending": 0,
    "failures": 0,
    "start": "2023-02-13T18:43:58.860Z",
    "end": "2023-02-13T18:44:06.303Z",
    "duration": 7443,
    "testsRegistered": 4,
    "passPercent": 100,
    "pendingPercent": 0,
    "other": 0,
    "hasOther": false,
    "skipped": 0,
    "hasSkipped": false
  },
  "results": [
    {
      "uuid": "1fd22299-52c1-4563-91c0-f98a998809a1",
      "title": "",
      "fullFile": "cypress/e2e/login_as_the_cutomer_to_performTransactions.cy.js",
      "file": "cypress/e2e/login_as_the_cutomer_to_performTransactions.cy.js",
      "beforeHooks": [],
      "afterHooks": [],
      "tests": [],
      "suites": [
        {
          "uuid": "86137710-c391-4884-8cbd-c61a196bfd95",
          "title": "login as customer to perform deposit /withdraw transactions",
          "fullFile": "",
          "file": "",
          "beforeHooks": [],
          "afterHooks": [],
          "tests": [
            {
              "title": "login as a customer",
              "fullTitle": "login as customer to perform deposit /withdraw transactions login as a customer",
              "timedOut": null,
              "duration": 3539,
              "state": "passed",
              "speed": "fast",
              "pass": true,
              "fail": false,
              "pending": false,
              "context": null,
              "code": "page.loginAsCustomer();",
              "err": {},
              "uuid": "7e1fe736-4baf-4be2-b8d0-aafe9fa80024",
              "parentUUID": "86137710-c391-4884-8cbd-c61a196bfd95",
              "isHook": false,
              "skipped": false
            },
            {
              "title": "verifies the account number",
              "fullTitle": "login as customer to perform deposit /withdraw transactions verifies the account number",
              "timedOut": null,
              "duration": 296,
              "state": "passed",
              "speed": "fast",
              "pass": true,
              "fail": false,
              "pending": false,
              "context": null,
              "code": "page.verifyAccountNumber(\"1016 \");",
              "err": {},
              "uuid": "aa37b1fe-0af1-414c-9952-cff2ab7cc05b",
              "parentUUID": "86137710-c391-4884-8cbd-c61a196bfd95",
              "isHook": false,
              "skipped": false
            },
            {
              "title": "perform deposit transaction",
              "fullTitle": "login as customer to perform deposit /withdraw transactions perform deposit transaction",
              "timedOut": null,
              "duration": 780,
              "state": "passed",
              "speed": "fast",
              "pass": true,
              "fail": false,
              "pending": false,
              "context": null,
              "code": "var depositamount = 10000;\npage.performDepositTransaction(depositamount);",
              "err": {},
              "uuid": "7483c580-8f58-49b4-a9b1-4116a156fd1b",
              "parentUUID": "86137710-c391-4884-8cbd-c61a196bfd95",
              "isHook": false,
              "skipped": false
            },
            {
              "title": "perform withdraw transaction",
              "fullTitle": "login as customer to perform deposit /withdraw transactions perform withdraw transaction",
              "timedOut": null,
              "duration": 403,
              "state": "passed",
              "speed": "fast",
              "pass": true,
              "fail": false,
              "pending": false,
              "context": null,
              "code": "var withdrawamount = 5000;\npage.performWithdrawTransaction(withdrawamount);",
              "err": {},
              "uuid": "4a390147-8188-42f6-9680-bc9dcf0c75ea",
              "parentUUID": "86137710-c391-4884-8cbd-c61a196bfd95",
              "isHook": false,
              "skipped": false
            }
          ],
          "suites": [],
          "passes": [
            "7e1fe736-4baf-4be2-b8d0-aafe9fa80024",
            "aa37b1fe-0af1-414c-9952-cff2ab7cc05b",
            "7483c580-8f58-49b4-a9b1-4116a156fd1b",
            "4a390147-8188-42f6-9680-bc9dcf0c75ea"
          ],
          "failures": [],
          "pending": [],
          "skipped": [],
          "duration": 5018,
          "root": false,
          "rootEmpty": false,
          "_timeout": 2000
        }
      ],
      "passes": [],
      "failures": [],
      "pending": [],
      "skipped": [],
      "duration": 0,
      "root": true,
      "rootEmpty": true,
      "_timeout": 2000
    }
  ],
  "meta": {
    "mocha": {
      "version": "7.0.1"
    },
    "mochawesome": {
      "options": {
        "quiet": false,
        "reportFilename": "mochawesome",
        "saveHtml": false,
        "saveJson": true,
        "consoleReporter": "spec",
        "useInlineDiffs": false,
        "code": true
      },
      "version": "7.1.3"
    },
    "marge": {
      "options": {
        "charts": true,
        "overwrite": false,
        "html": false,
        "json": true,
        "reportDir": "cypress/report/mochawesome-report"
      },
      "version": "6.2.0"
    }
  }
}