{
  "stats": {
    "suites": 1,
    "tests": 2,
    "passes": 1,
    "pending": 0,
    "failures": 1,
    "start": "2023-02-13T18:44:29.619Z",
    "end": "2023-02-13T18:44:41.830Z",
    "duration": 12211,
    "testsRegistered": 2,
    "passPercent": 50,
    "pendingPercent": 0,
    "other": 0,
    "hasOther": false,
    "skipped": 0,
    "hasSkipped": false
  },
  "results": [
    {
      "uuid": "ff7d6c7f-aed5-4647-864d-8e4f5e020a85",
      "title": "",
      "fullFile": "cypress/e2e/login_as_bankManager_to_delete_customer.cy.js",
      "file": "cypress/e2e/login_as_bankManager_to_delete_customer.cy.js",
      "beforeHooks": [],
      "afterHooks": [],
      "tests": [],
      "suites": [
        {
          "uuid": "f1c773b4-342f-4060-8004-fd0eb71a0b99",
          "title": "login as a bank manager to delete an existing customer ",
          "fullFile": "",
          "file": "",
          "beforeHooks": [],
          "afterHooks": [],
          "tests": [
            {
              "title": "login as a manager",
              "fullTitle": "login as a bank manager to delete an existing customer  login as a manager",
              "timedOut": null,
              "duration": 3994,
              "state": "passed",
              "speed": "fast",
              "pass": true,
              "fail": false,
              "pending": false,
              "context": null,
              "code": "page.loginAsManager();",
              "err": {},
              "uuid": "66d02db0-23a0-408f-b7eb-0100e5e95b1a",
              "parentUUID": "f1c773b4-342f-4060-8004-fd0eb71a0b99",
              "isHook": false,
              "skipped": false
            },
            {
              "title": "deletes a customer",
              "fullTitle": "login as a bank manager to delete an existing customer  deletes a customer",
              "timedOut": null,
              "duration": 5065,
              "state": "failed",
              "speed": null,
              "pass": false,
              "fail": true,
              "pending": false,
              "context": null,
              "code": "var customer = \"duncan\";\npage.deleteCustomer(customer);",
              "err": {
                "message": "AssertionError: Timed out retrying after 4000ms: Expected to find element: `/html/body/div/div/div[2]/div/div[2]/div/div/table/tbody/tr/td[5]/button`, but never found it.",
                "estack": "AssertionError: Timed out retrying after 4000ms: Expected to find element: `/html/body/div/div/div[2]/div/div[2]/div/div/table/tbody/tr/td[5]/button`, but never found it.\n    at landingPage.deleteCustomer (webpack:///./cypress/pages/landingPage.js:77:7)\n    at Context.eval (webpack:///./cypress/e2e/login_as_bankManager_to_delete_customer.cy.js:13:9)",
                "diff": null
              },
              "uuid": "56df8dd7-6843-4482-962d-8335c461fa69",
              "parentUUID": "f1c773b4-342f-4060-8004-fd0eb71a0b99",
              "isHook": false,
              "skipped": false
            }
          ],
          "suites": [],
          "passes": [
            "66d02db0-23a0-408f-b7eb-0100e5e95b1a"
          ],
          "failures": [
            "56df8dd7-6843-4482-962d-8335c461fa69"
          ],
          "pending": [],
          "skipped": [],
          "duration": 9059,
          "root": false,
          "rootEmpty": false,
          "_timeout": 2000
        }
      ],
      "passes": [],
      "failures": [],
      "pending": [],
      "skipped": [],
      "duration": 0,
      "root": true,
      "rootEmpty": true,
      "_timeout": 2000
    }
  ],
  "meta": {
    "mocha": {
      "version": "7.0.1"
    },
    "mochawesome": {
      "options": {
        "quiet": false,
        "reportFilename": "mochawesome",
        "saveHtml": false,
        "saveJson": true,
        "consoleReporter": "spec",
        "useInlineDiffs": false,
        "code": true
      },
      "version": "7.1.3"
    },
    "marge": {
      "options": {
        "charts": true,
        "overwrite": false,
        "html": false,
        "json": true,
        "reportDir": "cypress/report/mochawesome-report"
      },
      "version": "6.2.0"
    }
  }
}